Running: /opt/Xilinx/14.7/ISE_DS/ISE/bin/lin64/unwrapped/fuse -relaunch -intstyle "ise" -incremental -lib "secureip" -o "/home/ise/Projects/sCPU/cpu_tb_isim_beh.exe" -prj "/home/ise/Projects/sCPU/cpu_tb_beh.prj" "work.cpu_tb" 
ISim P.20131013 (signature 0xfbc00daa)
Number of CPUs detected in this system: 1
Turning on mult-threading, number of parallel sub-compilation jobs: 0 
Determining compilation order of HDL files
Parsing VHDL file "/home/ise/Projects/sCPU/procram.vhd" into library work
Parsing VHDL file "/home/ise/Projects/sCPU/cpu.vhd" into library work
Parsing VHDL file "/home/ise/Projects/sCPU/cpu_tb.vhd" into library work
Starting static elaboration
Completed static elaboration
Fuse Memory Usage: 98376 KB
Fuse CPU Usage: 450 ms
Compiling package standard
Compiling package std_logic_1164
Compiling package numeric_std
Compiling package std_logic_arith
Compiling package std_logic_unsigned
Compiling architecture fsm of entity cpu [cpu_default]
Compiling architecture sim of entity procram [procram_default]
Compiling architecture behavior of entity cpu_tb
Time Resolution for simulation is 1ps.
Compiled 10 VHDL Units
Built simulation executable /home/ise/Projects/sCPU/cpu_tb_isim_beh.exe
Fuse Memory Usage: 117260 KB
Fuse CPU Usage: 600 ms
GCC CPU Usage: 190 ms
